-- The C compiler identification is GNU 11.4.0
-- The CXX compiler identification is GNU 11.4.0
-- Detecting C compiler ABI info
-- Detecting C compiler ABI info - done
-- Check for working C compiler: /usr/bin/cc - skipped
-- Detecting C compile features
-- Detecting C compile features - done
-- Detecting CXX compiler ABI info
-- Detecting CXX compiler ABI info - done
-- Check for working CXX compiler: /usr/bin/c++ - skipped
-- Detecting CXX compile features
-- Detecting CXX compile features - done
-- Found ament_cmake: 1.3.6 (/opt/ros/humble/share/ament_cmake/cmake)
-- Found Python3: /usr/bin/python3.10 (found version "3.10.12") found components: Interpreter 
-- Override CMake install command with custom implementation using symlinks instead of copying resources
-- Found rclcpp: 16.0.7 (/opt/ros/humble/share/rclcpp/cmake)
-- Found rosidl_generator_c: 3.1.5 (/opt/ros/humble/share/rosidl_generator_c/cmake)
-- Found rosidl_adapter: 3.1.5 (/opt/ros/humble/share/rosidl_adapter/cmake)
-- Found rosidl_generator_cpp: 3.1.5 (/opt/ros/humble/share/rosidl_generator_cpp/cmake)
-- Using all available rosidl_typesupport_c: rosidl_typesupport_fastrtps_c;rosidl_typesupport_introspection_c
-- Using all available rosidl_typesupport_cpp: rosidl_typesupport_fastrtps_cpp;rosidl_typesupport_introspection_cpp
-- Found rmw_implementation_cmake: 6.1.1 (/opt/ros/humble/share/rmw_implementation_cmake/cmake)
-- Found rmw_fastrtps_cpp: 6.2.5 (/opt/ros/humble/share/rmw_fastrtps_cpp/cmake)
-- Found OpenSSL: /usr/lib/x86_64-linux-gnu/libcrypto.so (found version "3.0.2")  
-- Found FastRTPS: /opt/ros/humble/include  
-- Using RMW implementation 'rmw_fastrtps_cpp' as default
-- Performing Test CMAKE_HAVE_LIBC_PTHREAD
-- Performing Test CMAKE_HAVE_LIBC_PTHREAD - Success
-- Found Threads: TRUE  
-- Found drobo_interfaces: 0.0.0 (/home/kariya/Git/2023_off_team_b_main/install/drobo_interfaces/share/drobo_interfaces/cmake)
-- Found ament_lint_auto: 0.12.9 (/opt/ros/humble/share/ament_lint_auto/cmake)
-- Added test 'copyright' to check source files copyright and LICENSE
-- Added test 'cppcheck' to perform static code analysis on C / C++ code
-- Configured cppcheck include dirs: /home/kariya/Git/2023_off_team_b_main/src/dmotor_ros/include
-- Configured cppcheck exclude dirs and/or files: 
-- Added test 'cpplint' to check C / C++ code against the Google style
-- Configured cpplint exclude dirs and/or files: 
-- Added test 'lint_cmake' to check CMake code style
-- Added test 'uncrustify' to check C / C++ code style
-- Configured uncrustify additional arguments: 
-- Added test 'xmllint' to check XML markup files
-- Configuring done
-- Generating done
-- Build files have been written to: /home/kariya/Git/2023_off_team_b_main/build/dmotor_ros
[ 50%] [32mBuilding CXX object CMakeFiles/dmotor_ros.dir/src/main.cpp.o[0m
[100%] [32m[1mLinking CXX executable dmotor_ros[0m
[100%] Built target dmotor_ros
-- Install configuration: ""
-- Execute custom install script
-- Symlinking: /home/kariya/Git/2023_off_team_b_main/install/dmotor_ros/lib/dmotor_ros/dmotor_ros
-- Symlinking: /home/kariya/Git/2023_off_team_b_main/install/dmotor_ros/share/ament_index/resource_index/package_run_dependencies/dmotor_ros
-- Symlinking: /home/kariya/Git/2023_off_team_b_main/install/dmotor_ros/share/ament_index/resource_index/parent_prefix_path/dmotor_ros
-- Symlinking: /home/kariya/Git/2023_off_team_b_main/install/dmotor_ros/share/dmotor_ros/environment/ament_prefix_path.sh
-- Symlinking: /home/kariya/Git/2023_off_team_b_main/install/dmotor_ros/share/dmotor_ros/environment/ament_prefix_path.dsv
-- Symlinking: /home/kariya/Git/2023_off_team_b_main/install/dmotor_ros/share/dmotor_ros/environment/path.sh
-- Symlinking: /home/kariya/Git/2023_off_team_b_main/install/dmotor_ros/share/dmotor_ros/environment/path.dsv
-- Symlinking: /home/kariya/Git/2023_off_team_b_main/install/dmotor_ros/share/dmotor_ros/local_setup.bash
-- Symlinking: /home/kariya/Git/2023_off_team_b_main/install/dmotor_ros/share/dmotor_ros/local_setup.sh
-- Symlinking: /home/kariya/Git/2023_off_team_b_main/install/dmotor_ros/share/dmotor_ros/local_setup.zsh
-- Symlinking: /home/kariya/Git/2023_off_team_b_main/install/dmotor_ros/share/dmotor_ros/local_setup.dsv
-- Symlinking: /home/kariya/Git/2023_off_team_b_main/install/dmotor_ros/share/dmotor_ros/package.dsv
-- Symlinking: /home/kariya/Git/2023_off_team_b_main/install/dmotor_ros/share/ament_index/resource_index/packages/dmotor_ros
-- Symlinking: /home/kariya/Git/2023_off_team_b_main/install/dmotor_ros/share/dmotor_ros/cmake/dmotor_rosConfig.cmake
-- Symlinking: /home/kariya/Git/2023_off_team_b_main/install/dmotor_ros/share/dmotor_ros/cmake/dmotor_rosConfig-version.cmake
-- Symlinking: /home/kariya/Git/2023_off_team_b_main/install/dmotor_ros/share/dmotor_ros/package.xml
