-- The C compiler identification is GNU 11.4.0
-- The CXX compiler identification is GNU 11.4.0
-- Detecting C compiler ABI info
-- Detecting C compiler ABI info - done
-- Check for working C compiler: /usr/bin/cc - skipped
-- Detecting C compile features
-- Detecting C compile features - done
-- Detecting CXX compiler ABI info
-- Detecting CXX compiler ABI info - done
-- Check for working CXX compiler: /usr/bin/c++ - skipped
-- Detecting CXX compile features
-- Detecting CXX compile features - done
-- Found ament_cmake: 1.3.6 (/opt/ros/humble/share/ament_cmake/cmake)
-- Found Python3: /usr/bin/python3.10 (found version "3.10.12") found components: Interpreter 
-- Override CMake install command with custom implementation using symlinks instead of copying resources
-- Found rosidl_default_generators: 1.2.0 (/opt/ros/humble/share/rosidl_default_generators/cmake)
-- Using all available rosidl_typesupport_c: rosidl_typesupport_fastrtps_c;rosidl_typesupport_introspection_c
-- Found rosidl_adapter: 3.1.5 (/opt/ros/humble/share/rosidl_adapter/cmake)
-- Using all available rosidl_typesupport_cpp: rosidl_typesupport_fastrtps_cpp;rosidl_typesupport_introspection_cpp
-- Found ament_cmake_ros: 0.10.0 (/opt/ros/humble/share/ament_cmake_ros/cmake)
-- Using all available rosidl_typesupport_c: rosidl_typesupport_fastrtps_c;rosidl_typesupport_introspection_c
-- Using all available rosidl_typesupport_cpp: rosidl_typesupport_fastrtps_cpp;rosidl_typesupport_introspection_cpp
-- Found PythonInterp: /usr/bin/python3 (found suitable version "3.10.12", minimum required is "3.6") 
-- Found python_cmake_module: 0.10.0 (/opt/ros/humble/share/python_cmake_module/cmake)
-- Found PythonLibs: /usr/lib/x86_64-linux-gnu/libpython3.10.so (found suitable version "3.10.12", minimum required is "3.5") 
-- Using PYTHON_EXECUTABLE: /usr/bin/python3
-- Using PYTHON_INCLUDE_DIRS: /usr/include/python3.10
-- Using PYTHON_LIBRARIES: /usr/lib/x86_64-linux-gnu/libpython3.10.so
-- Found PythonExtra: .so  
-- Found ament_lint_auto: 0.12.9 (/opt/ros/humble/share/ament_lint_auto/cmake)
-- Added test 'copyright' to check source files copyright and LICENSE
-- Added test 'lint_cmake' to check CMake code style
-- Added test 'xmllint' to check XML markup files
-- Configuring done
-- Generating done
-- Build files have been written to: /home/kariya/Git/2023_off_team_b_main/build/drobo_interfaces
[  2%] [34m[1mGenerating C code for ROS interfaces[0m
[  4%] [34m[1mGenerating C++ code for ROS interfaces[0m
[  4%] Built target ament_cmake_python_symlink_drobo_interfaces
running egg_info
creating drobo_interfaces.egg-info
writing drobo_interfaces.egg-info/PKG-INFO
writing dependency_links to drobo_interfaces.egg-info/dependency_links.txt
writing top-level names to drobo_interfaces.egg-info/top_level.txt
writing manifest file 'drobo_interfaces.egg-info/SOURCES.txt'
reading manifest file 'drobo_interfaces.egg-info/SOURCES.txt'
writing manifest file 'drobo_interfaces.egg-info/SOURCES.txt'
[  4%] Built target ament_cmake_python_build_drobo_interfaces_egg
[  4%] Built target drobo_interfaces__cpp
[ 10%] [34m[1mGenerating C++ type support dispatch for ROS interfaces[0m
[ 10%] [34m[1mGenerating C++ type support for eProsima Fast-RTPS[0m
[ 10%] [34m[1mGenerating C++ introspection for ROS interfaces[0m
[ 17%] [32mBuilding C object CMakeFiles/drobo_interfaces__rosidl_generator_c.dir/rosidl_generator_c/drobo_interfaces/srv/detail/solenoid_state_srv__functions.c.o[0m
[ 17%] [32mBuilding C object CMakeFiles/drobo_interfaces__rosidl_generator_c.dir/rosidl_generator_c/drobo_interfaces/msg/detail/sd_lib_msg__functions.c.o[0m
[ 17%] [32mBuilding C object CMakeFiles/drobo_interfaces__rosidl_generator_c.dir/rosidl_generator_c/drobo_interfaces/msg/detail/md_lib_msg__functions.c.o[0m
[ 19%] [32m[1mLinking C shared library libdrobo_interfaces__rosidl_generator_c.so[0m
[ 19%] Built target drobo_interfaces__rosidl_generator_c
[ 25%] [34m[1mGenerating C type support for eProsima Fast-RTPS[0m
[ 25%] [34m[1mGenerating C type support dispatch for ROS interfaces[0m
[ 25%] [34m[1mGenerating C introspection for ROS interfaces[0m
[ 31%] [32mBuilding CXX object CMakeFiles/drobo_interfaces__rosidl_typesupport_cpp.dir/rosidl_typesupport_cpp/drobo_interfaces/srv/solenoid_state_srv__type_support.cpp.o[0m
[ 31%] [32mBuilding CXX object CMakeFiles/drobo_interfaces__rosidl_typesupport_cpp.dir/rosidl_typesupport_cpp/drobo_interfaces/msg/md_lib_msg__type_support.cpp.o[0m
[ 31%] [32mBuilding CXX object CMakeFiles/drobo_interfaces__rosidl_typesupport_cpp.dir/rosidl_typesupport_cpp/drobo_interfaces/msg/sd_lib_msg__type_support.cpp.o[0m
[ 34%] [32mBuilding CXX object CMakeFiles/drobo_interfaces__rosidl_typesupport_introspection_cpp.dir/rosidl_typesupport_introspection_cpp/drobo_interfaces/msg/detail/md_lib_msg__type_support.cpp.o[0m
[ 36%] [32mBuilding CXX object CMakeFiles/drobo_interfaces__rosidl_typesupport_introspection_cpp.dir/rosidl_typesupport_introspection_cpp/drobo_interfaces/msg/detail/sd_lib_msg__type_support.cpp.o[0m
[ 38%] [32mBuilding CXX object CMakeFiles/drobo_interfaces__rosidl_typesupport_introspection_cpp.dir/rosidl_typesupport_introspection_cpp/drobo_interfaces/srv/detail/solenoid_state_srv__type_support.cpp.o[0m
[ 40%] [32mBuilding CXX object CMakeFiles/drobo_interfaces__rosidl_typesupport_fastrtps_cpp.dir/rosidl_typesupport_fastrtps_cpp/drobo_interfaces/msg/detail/dds_fastrtps/md_lib_msg__type_support.cpp.o[0m
[ 44%] [32mBuilding CXX object CMakeFiles/drobo_interfaces__rosidl_typesupport_fastrtps_cpp.dir/rosidl_typesupport_fastrtps_cpp/drobo_interfaces/srv/detail/dds_fastrtps/solenoid_state_srv__type_support.cpp.o[0m
[ 44%] [32mBuilding CXX object CMakeFiles/drobo_interfaces__rosidl_typesupport_fastrtps_cpp.dir/rosidl_typesupport_fastrtps_cpp/drobo_interfaces/msg/detail/dds_fastrtps/sd_lib_msg__type_support.cpp.o[0m
[ 48%] [32mBuilding CXX object CMakeFiles/drobo_interfaces__rosidl_typesupport_c.dir/rosidl_typesupport_c/drobo_interfaces/msg/md_lib_msg__type_support.cpp.o[0m
[ 48%] [32mBuilding CXX object CMakeFiles/drobo_interfaces__rosidl_typesupport_c.dir/rosidl_typesupport_c/drobo_interfaces/msg/sd_lib_msg__type_support.cpp.o[0m
[ 51%] [32mBuilding CXX object CMakeFiles/drobo_interfaces__rosidl_typesupport_c.dir/rosidl_typesupport_c/drobo_interfaces/srv/solenoid_state_srv__type_support.cpp.o[0m
[ 53%] [32m[1mLinking CXX shared library libdrobo_interfaces__rosidl_typesupport_c.so[0m
[ 53%] Built target drobo_interfaces__rosidl_typesupport_c
[ 55%] [32mBuilding CXX object CMakeFiles/drobo_interfaces__rosidl_typesupport_fastrtps_c.dir/rosidl_typesupport_fastrtps_c/drobo_interfaces/msg/detail/md_lib_msg__type_support_c.cpp.o[0m
[ 57%] [32mBuilding CXX object CMakeFiles/drobo_interfaces__rosidl_typesupport_fastrtps_c.dir/rosidl_typesupport_fastrtps_c/drobo_interfaces/srv/detail/solenoid_state_srv__type_support_c.cpp.o[0m
[ 59%] [32mBuilding CXX object CMakeFiles/drobo_interfaces__rosidl_typesupport_fastrtps_c.dir/rosidl_typesupport_fastrtps_c/drobo_interfaces/msg/detail/sd_lib_msg__type_support_c.cpp.o[0m
[ 65%] [32mBuilding C object CMakeFiles/drobo_interfaces__rosidl_typesupport_introspection_c.dir/rosidl_typesupport_introspection_c/drobo_interfaces/srv/detail/solenoid_state_srv__type_support.c.o[0m
[ 65%] [32mBuilding C object CMakeFiles/drobo_interfaces__rosidl_typesupport_introspection_c.dir/rosidl_typesupport_introspection_c/drobo_interfaces/msg/detail/sd_lib_msg__type_support.c.o[0m
[ 65%] [32mBuilding C object CMakeFiles/drobo_interfaces__rosidl_typesupport_introspection_c.dir/rosidl_typesupport_introspection_c/drobo_interfaces/msg/detail/md_lib_msg__type_support.c.o[0m
[ 68%] [32m[1mLinking C shared library libdrobo_interfaces__rosidl_typesupport_introspection_c.so[0m
[ 68%] Built target drobo_interfaces__rosidl_typesupport_introspection_c
[ 70%] [32m[1mLinking CXX shared library libdrobo_interfaces__rosidl_typesupport_cpp.so[0m
[ 70%] Built target drobo_interfaces__rosidl_typesupport_cpp
[ 72%] [32m[1mLinking CXX shared library libdrobo_interfaces__rosidl_typesupport_introspection_cpp.so[0m
[ 74%] [32m[1mLinking CXX shared library libdrobo_interfaces__rosidl_typesupport_fastrtps_c.so[0m
[ 74%] Built target drobo_interfaces__rosidl_typesupport_introspection_cpp
[ 76%] [32m[1mLinking CXX shared library libdrobo_interfaces__rosidl_typesupport_fastrtps_cpp.so[0m
[ 76%] Built target drobo_interfaces__rosidl_typesupport_fastrtps_c
[ 76%] Built target drobo_interfaces__rosidl_typesupport_fastrtps_cpp
[ 76%] Built target drobo_interfaces
[ 78%] [34m[1mGenerating Python code for ROS interfaces[0m
[ 78%] Built target drobo_interfaces__py
[ 80%] [32mBuilding C object CMakeFiles/drobo_interfaces__rosidl_generator_py.dir/rosidl_generator_py/drobo_interfaces/msg/_md_lib_msg_s.c.o[0m
[ 85%] [32mBuilding C object CMakeFiles/drobo_interfaces__rosidl_generator_py.dir/rosidl_generator_py/drobo_interfaces/msg/_sd_lib_msg_s.c.o[0m
[ 85%] [32mBuilding C object CMakeFiles/drobo_interfaces__rosidl_generator_py.dir/rosidl_generator_py/drobo_interfaces/srv/_solenoid_state_srv_s.c.o[0m
[ 87%] [32m[1mLinking C shared library rosidl_generator_py/drobo_interfaces/libdrobo_interfaces__rosidl_generator_py.so[0m
[ 87%] Built target drobo_interfaces__rosidl_generator_py
[ 93%] [32mBuilding C object CMakeFiles/drobo_interfaces__rosidl_typesupport_c__pyext.dir/rosidl_generator_py/drobo_interfaces/_drobo_interfaces_s.ep.rosidl_typesupport_c.c.o[0m
[ 93%] [32mBuilding C object CMakeFiles/drobo_interfaces__rosidl_typesupport_fastrtps_c__pyext.dir/rosidl_generator_py/drobo_interfaces/_drobo_interfaces_s.ep.rosidl_typesupport_fastrtps_c.c.o[0m
[ 93%] [32mBuilding C object CMakeFiles/drobo_interfaces__rosidl_typesupport_introspection_c__pyext.dir/rosidl_generator_py/drobo_interfaces/_drobo_interfaces_s.ep.rosidl_typesupport_introspection_c.c.o[0m
[ 97%] [32m[1mLinking C shared library rosidl_generator_py/drobo_interfaces/drobo_interfaces_s__rosidl_typesupport_c.cpython-310-x86_64-linux-gnu.so[0m
[ 97%] [32m[1mLinking C shared library rosidl_generator_py/drobo_interfaces/drobo_interfaces_s__rosidl_typesupport_introspection_c.cpython-310-x86_64-linux-gnu.so[0m
[100%] [32m[1mLinking C shared library rosidl_generator_py/drobo_interfaces/drobo_interfaces_s__rosidl_typesupport_fastrtps_c.cpython-310-x86_64-linux-gnu.so[0m
[100%] Built target drobo_interfaces__rosidl_typesupport_introspection_c__pyext
[100%] Built target drobo_interfaces__rosidl_typesupport_c__pyext
[100%] Built target drobo_interfaces__rosidl_typesupport_fastrtps_c__pyext
-- Install configuration: ""
-- Execute custom install script
-- Symlinking: /home/kariya/Git/2023_off_team_b_main/install/drobo_interfaces/share/ament_index/resource_index/rosidl_interfaces/drobo_interfaces
-- Symlinking: /home/kariya/Git/2023_off_team_b_main/install/drobo_interfaces/include/drobo_interfaces/drobo_interfaces/msg/detail/md_lib_msg__functions.h
-- Symlinking: /home/kariya/Git/2023_off_team_b_main/install/drobo_interfaces/include/drobo_interfaces/drobo_interfaces/msg/detail/md_lib_msg__struct.h
-- Symlinking: /home/kariya/Git/2023_off_team_b_main/install/drobo_interfaces/include/drobo_interfaces/drobo_interfaces/msg/detail/md_lib_msg__type_support.h
-- Symlinking: /home/kariya/Git/2023_off_team_b_main/install/drobo_interfaces/include/drobo_interfaces/drobo_interfaces/msg/detail/sd_lib_msg__functions.h
-- Symlinking: /home/kariya/Git/2023_off_team_b_main/install/drobo_interfaces/include/drobo_interfaces/drobo_interfaces/msg/detail/sd_lib_msg__struct.h
-- Symlinking: /home/kariya/Git/2023_off_team_b_main/install/drobo_interfaces/include/drobo_interfaces/drobo_interfaces/msg/detail/sd_lib_msg__type_support.h
-- Symlinking: /home/kariya/Git/2023_off_team_b_main/install/drobo_interfaces/include/drobo_interfaces/drobo_interfaces/msg/md_lib_msg.h
-- Symlinking: /home/kariya/Git/2023_off_team_b_main/install/drobo_interfaces/include/drobo_interfaces/drobo_interfaces/msg/rosidl_generator_c__visibility_control.h
-- Symlinking: /home/kariya/Git/2023_off_team_b_main/install/drobo_interfaces/include/drobo_interfaces/drobo_interfaces/msg/sd_lib_msg.h
-- Symlinking: /home/kariya/Git/2023_off_team_b_main/install/drobo_interfaces/include/drobo_interfaces/drobo_interfaces/srv/detail/solenoid_state_srv__functions.h
-- Symlinking: /home/kariya/Git/2023_off_team_b_main/install/drobo_interfaces/include/drobo_interfaces/drobo_interfaces/srv/detail/solenoid_state_srv__struct.h
-- Symlinking: /home/kariya/Git/2023_off_team_b_main/install/drobo_interfaces/include/drobo_interfaces/drobo_interfaces/srv/detail/solenoid_state_srv__type_support.h
-- Symlinking: /home/kariya/Git/2023_off_team_b_main/install/drobo_interfaces/include/drobo_interfaces/drobo_interfaces/srv/solenoid_state_srv.h
-- Symlinking: /home/kariya/Git/2023_off_team_b_main/install/drobo_interfaces/share/drobo_interfaces/environment/library_path.sh
-- Symlinking: /home/kariya/Git/2023_off_team_b_main/install/drobo_interfaces/share/drobo_interfaces/environment/library_path.dsv
-- Symlinking: /home/kariya/Git/2023_off_team_b_main/install/drobo_interfaces/include/drobo_interfaces/drobo_interfaces/msg/detail/md_lib_msg__rosidl_typesupport_fastrtps_c.h
-- Symlinking: /home/kariya/Git/2023_off_team_b_main/install/drobo_interfaces/include/drobo_interfaces/drobo_interfaces/msg/detail/sd_lib_msg__rosidl_typesupport_fastrtps_c.h
-- Symlinking: /home/kariya/Git/2023_off_team_b_main/install/drobo_interfaces/include/drobo_interfaces/drobo_interfaces/msg/rosidl_typesupport_fastrtps_c__visibility_control.h
-- Symlinking: /home/kariya/Git/2023_off_team_b_main/install/drobo_interfaces/include/drobo_interfaces/drobo_interfaces/srv/detail/solenoid_state_srv__rosidl_typesupport_fastrtps_c.h
-- Symlinking: /home/kariya/Git/2023_off_team_b_main/install/drobo_interfaces/include/drobo_interfaces/drobo_interfaces/msg/detail/md_lib_msg__rosidl_typesupport_introspection_c.h
-- Symlinking: /home/kariya/Git/2023_off_team_b_main/install/drobo_interfaces/include/drobo_interfaces/drobo_interfaces/msg/detail/sd_lib_msg__rosidl_typesupport_introspection_c.h
-- Symlinking: /home/kariya/Git/2023_off_team_b_main/install/drobo_interfaces/include/drobo_interfaces/drobo_interfaces/msg/rosidl_typesupport_introspection_c__visibility_control.h
-- Symlinking: /home/kariya/Git/2023_off_team_b_main/install/drobo_interfaces/include/drobo_interfaces/drobo_interfaces/srv/detail/solenoid_state_srv__rosidl_typesupport_introspection_c.h
-- Symlinking: /home/kariya/Git/2023_off_team_b_main/install/drobo_interfaces/include/drobo_interfaces/drobo_interfaces/msg/detail/md_lib_msg__builder.hpp
-- Symlinking: /home/kariya/Git/2023_off_team_b_main/install/drobo_interfaces/include/drobo_interfaces/drobo_interfaces/msg/detail/md_lib_msg__struct.hpp
-- Symlinking: /home/kariya/Git/2023_off_team_b_main/install/drobo_interfaces/include/drobo_interfaces/drobo_interfaces/msg/detail/md_lib_msg__traits.hpp
-- Symlinking: /home/kariya/Git/2023_off_team_b_main/install/drobo_interfaces/include/drobo_interfaces/drobo_interfaces/msg/detail/sd_lib_msg__builder.hpp
-- Symlinking: /home/kariya/Git/2023_off_team_b_main/install/drobo_interfaces/include/drobo_interfaces/drobo_interfaces/msg/detail/sd_lib_msg__struct.hpp
-- Symlinking: /home/kariya/Git/2023_off_team_b_main/install/drobo_interfaces/include/drobo_interfaces/drobo_interfaces/msg/detail/sd_lib_msg__traits.hpp
-- Symlinking: /home/kariya/Git/2023_off_team_b_main/install/drobo_interfaces/include/drobo_interfaces/drobo_interfaces/msg/md_lib_msg.hpp
-- Symlinking: /home/kariya/Git/2023_off_team_b_main/install/drobo_interfaces/include/drobo_interfaces/drobo_interfaces/msg/sd_lib_msg.hpp
-- Symlinking: /home/kariya/Git/2023_off_team_b_main/install/drobo_interfaces/include/drobo_interfaces/drobo_interfaces/srv/detail/solenoid_state_srv__builder.hpp
-- Symlinking: /home/kariya/Git/2023_off_team_b_main/install/drobo_interfaces/include/drobo_interfaces/drobo_interfaces/srv/detail/solenoid_state_srv__struct.hpp
-- Symlinking: /home/kariya/Git/2023_off_team_b_main/install/drobo_interfaces/include/drobo_interfaces/drobo_interfaces/srv/detail/solenoid_state_srv__traits.hpp
-- Symlinking: /home/kariya/Git/2023_off_team_b_main/install/drobo_interfaces/include/drobo_interfaces/drobo_interfaces/srv/solenoid_state_srv.hpp
-- Symlinking: /home/kariya/Git/2023_off_team_b_main/install/drobo_interfaces/include/drobo_interfaces/drobo_interfaces/msg/detail/md_lib_msg__rosidl_typesupport_fastrtps_cpp.hpp
-- Symlinking: /home/kariya/Git/2023_off_team_b_main/install/drobo_interfaces/include/drobo_interfaces/drobo_interfaces/msg/detail/sd_lib_msg__rosidl_typesupport_fastrtps_cpp.hpp
-- Symlinking: /home/kariya/Git/2023_off_team_b_main/install/drobo_interfaces/include/drobo_interfaces/drobo_interfaces/msg/rosidl_typesupport_fastrtps_cpp__visibility_control.h
-- Symlinking: /home/kariya/Git/2023_off_team_b_main/install/drobo_interfaces/include/drobo_interfaces/drobo_interfaces/srv/detail/solenoid_state_srv__rosidl_typesupport_fastrtps_cpp.hpp
-- Symlinking: /home/kariya/Git/2023_off_team_b_main/install/drobo_interfaces/include/drobo_interfaces/drobo_interfaces/msg/detail/md_lib_msg__rosidl_typesupport_introspection_cpp.hpp
-- Symlinking: /home/kariya/Git/2023_off_team_b_main/install/drobo_interfaces/include/drobo_interfaces/drobo_interfaces/msg/detail/sd_lib_msg__rosidl_typesupport_introspection_cpp.hpp
-- Symlinking: /home/kariya/Git/2023_off_team_b_main/install/drobo_interfaces/include/drobo_interfaces/drobo_interfaces/srv/detail/solenoid_state_srv__rosidl_typesupport_introspection_cpp.hpp
-- Symlinking: /home/kariya/Git/2023_off_team_b_main/install/drobo_interfaces/share/drobo_interfaces/environment/pythonpath.sh
-- Symlinking: /home/kariya/Git/2023_off_team_b_main/install/drobo_interfaces/share/drobo_interfaces/environment/pythonpath.dsv
-- Symlinking: /home/kariya/Git/2023_off_team_b_main/install/drobo_interfaces/local/lib/python3.10/dist-packages/drobo_interfaces-0.0.0-py3.10.egg-info/PKG-INFO
-- Symlinking: /home/kariya/Git/2023_off_team_b_main/install/drobo_interfaces/local/lib/python3.10/dist-packages/drobo_interfaces-0.0.0-py3.10.egg-info/SOURCES.txt
-- Symlinking: /home/kariya/Git/2023_off_team_b_main/install/drobo_interfaces/local/lib/python3.10/dist-packages/drobo_interfaces-0.0.0-py3.10.egg-info/dependency_links.txt
-- Symlinking: /home/kariya/Git/2023_off_team_b_main/install/drobo_interfaces/local/lib/python3.10/dist-packages/drobo_interfaces-0.0.0-py3.10.egg-info/top_level.txt
-- Symlinking: /home/kariya/Git/2023_off_team_b_main/install/drobo_interfaces/local/lib/python3.10/dist-packages/drobo_interfaces/__init__.py
-- Symlinking: /home/kariya/Git/2023_off_team_b_main/install/drobo_interfaces/local/lib/python3.10/dist-packages/drobo_interfaces/_drobo_interfaces_s.ep.rosidl_typesupport_c.c
-- Symlinking: /home/kariya/Git/2023_off_team_b_main/install/drobo_interfaces/local/lib/python3.10/dist-packages/drobo_interfaces/_drobo_interfaces_s.ep.rosidl_typesupport_fastrtps_c.c
-- Symlinking: /home/kariya/Git/2023_off_team_b_main/install/drobo_interfaces/local/lib/python3.10/dist-packages/drobo_interfaces/_drobo_interfaces_s.ep.rosidl_typesupport_introspection_c.c
-- Symlinking: /home/kariya/Git/2023_off_team_b_main/install/drobo_interfaces/local/lib/python3.10/dist-packages/drobo_interfaces/drobo_interfaces_s__rosidl_typesupport_c.cpython-310-x86_64-linux-gnu.so
-- Symlinking: /home/kariya/Git/2023_off_team_b_main/install/drobo_interfaces/local/lib/python3.10/dist-packages/drobo_interfaces/drobo_interfaces_s__rosidl_typesupport_fastrtps_c.cpython-310-x86_64-linux-gnu.so
-- Symlinking: /home/kariya/Git/2023_off_team_b_main/install/drobo_interfaces/local/lib/python3.10/dist-packages/drobo_interfaces/drobo_interfaces_s__rosidl_typesupport_introspection_c.cpython-310-x86_64-linux-gnu.so
-- Symlinking: /home/kariya/Git/2023_off_team_b_main/install/drobo_interfaces/local/lib/python3.10/dist-packages/drobo_interfaces/libdrobo_interfaces__rosidl_generator_py.so
-- Symlinking: /home/kariya/Git/2023_off_team_b_main/install/drobo_interfaces/local/lib/python3.10/dist-packages/drobo_interfaces/msg/__init__.py
-- Symlinking: /home/kariya/Git/2023_off_team_b_main/install/drobo_interfaces/local/lib/python3.10/dist-packages/drobo_interfaces/msg/_md_lib_msg.py
-- Symlinking: /home/kariya/Git/2023_off_team_b_main/install/drobo_interfaces/local/lib/python3.10/dist-packages/drobo_interfaces/msg/_md_lib_msg_s.c
-- Symlinking: /home/kariya/Git/2023_off_team_b_main/install/drobo_interfaces/local/lib/python3.10/dist-packages/drobo_interfaces/msg/_sd_lib_msg.py
-- Symlinking: /home/kariya/Git/2023_off_team_b_main/install/drobo_interfaces/local/lib/python3.10/dist-packages/drobo_interfaces/msg/_sd_lib_msg_s.c
-- Symlinking: /home/kariya/Git/2023_off_team_b_main/install/drobo_interfaces/local/lib/python3.10/dist-packages/drobo_interfaces/srv/__init__.py
-- Symlinking: /home/kariya/Git/2023_off_team_b_main/install/drobo_interfaces/local/lib/python3.10/dist-packages/drobo_interfaces/srv/_solenoid_state_srv.py
-- Symlinking: /home/kariya/Git/2023_off_team_b_main/install/drobo_interfaces/local/lib/python3.10/dist-packages/drobo_interfaces/srv/_solenoid_state_srv_s.c
-- Up-to-date symlink: /home/kariya/Git/2023_off_team_b_main/install/drobo_interfaces/local/lib/python3.10/dist-packages/drobo_interfaces/drobo_interfaces_s__rosidl_typesupport_fastrtps_c.cpython-310-x86_64-linux-gnu.so
-- Up-to-date symlink: /home/kariya/Git/2023_off_team_b_main/install/drobo_interfaces/local/lib/python3.10/dist-packages/drobo_interfaces/drobo_interfaces_s__rosidl_typesupport_introspection_c.cpython-310-x86_64-linux-gnu.so
-- Up-to-date symlink: /home/kariya/Git/2023_off_team_b_main/install/drobo_interfaces/local/lib/python3.10/dist-packages/drobo_interfaces/drobo_interfaces_s__rosidl_typesupport_c.cpython-310-x86_64-linux-gnu.so
-- Symlinking: /home/kariya/Git/2023_off_team_b_main/install/drobo_interfaces/share/drobo_interfaces/msg/MdLibMsg.idl
-- Symlinking: /home/kariya/Git/2023_off_team_b_main/install/drobo_interfaces/share/drobo_interfaces/msg/SdLibMsg.idl
-- Symlinking: /home/kariya/Git/2023_off_team_b_main/install/drobo_interfaces/share/drobo_interfaces/srv/SolenoidStateSrv.idl
-- Symlinking: /home/kariya/Git/2023_off_team_b_main/install/drobo_interfaces/share/drobo_interfaces/msg/MdLibMsg.msg
-- Symlinking: /home/kariya/Git/2023_off_team_b_main/install/drobo_interfaces/share/drobo_interfaces/msg/SdLibMsg.msg
-- Symlinking: /home/kariya/Git/2023_off_team_b_main/install/drobo_interfaces/share/drobo_interfaces/srv/SolenoidStateSrv.srv
-- Symlinking: /home/kariya/Git/2023_off_team_b_main/install/drobo_interfaces/share/drobo_interfaces/srv/SolenoidStateSrv_Request.msg
-- Symlinking: /home/kariya/Git/2023_off_team_b_main/install/drobo_interfaces/share/drobo_interfaces/srv/SolenoidStateSrv_Response.msg
-- Symlinking: /home/kariya/Git/2023_off_team_b_main/install/drobo_interfaces/share/ament_index/resource_index/package_run_dependencies/drobo_interfaces
-- Symlinking: /home/kariya/Git/2023_off_team_b_main/install/drobo_interfaces/share/ament_index/resource_index/parent_prefix_path/drobo_interfaces
-- Symlinking: /home/kariya/Git/2023_off_team_b_main/install/drobo_interfaces/share/drobo_interfaces/environment/ament_prefix_path.sh
-- Symlinking: /home/kariya/Git/2023_off_team_b_main/install/drobo_interfaces/share/drobo_interfaces/environment/ament_prefix_path.dsv
-- Symlinking: /home/kariya/Git/2023_off_team_b_main/install/drobo_interfaces/share/drobo_interfaces/environment/path.sh
-- Symlinking: /home/kariya/Git/2023_off_team_b_main/install/drobo_interfaces/share/drobo_interfaces/environment/path.dsv
-- Symlinking: /home/kariya/Git/2023_off_team_b_main/install/drobo_interfaces/share/drobo_interfaces/local_setup.bash
-- Symlinking: /home/kariya/Git/2023_off_team_b_main/install/drobo_interfaces/share/drobo_interfaces/local_setup.sh
-- Symlinking: /home/kariya/Git/2023_off_team_b_main/install/drobo_interfaces/share/drobo_interfaces/local_setup.zsh
-- Symlinking: /home/kariya/Git/2023_off_team_b_main/install/drobo_interfaces/share/drobo_interfaces/local_setup.dsv
-- Symlinking: /home/kariya/Git/2023_off_team_b_main/install/drobo_interfaces/share/drobo_interfaces/package.dsv
-- Symlinking: /home/kariya/Git/2023_off_team_b_main/install/drobo_interfaces/share/ament_index/resource_index/packages/drobo_interfaces
-- Symlinking: /home/kariya/Git/2023_off_team_b_main/install/drobo_interfaces/share/drobo_interfaces/cmake/rosidl_cmake-extras.cmake
-- Symlinking: /home/kariya/Git/2023_off_team_b_main/install/drobo_interfaces/share/drobo_interfaces/cmake/ament_cmake_export_include_directories-extras.cmake
-- Symlinking: /home/kariya/Git/2023_off_team_b_main/install/drobo_interfaces/share/drobo_interfaces/cmake/ament_cmake_export_libraries-extras.cmake
-- Symlinking: /home/kariya/Git/2023_off_team_b_main/install/drobo_interfaces/share/drobo_interfaces/cmake/ament_cmake_export_targets-extras.cmake
-- Symlinking: /home/kariya/Git/2023_off_team_b_main/install/drobo_interfaces/share/drobo_interfaces/cmake/rosidl_cmake_export_typesupport_targets-extras.cmake
-- Symlinking: /home/kariya/Git/2023_off_team_b_main/install/drobo_interfaces/share/drobo_interfaces/cmake/ament_cmake_export_dependencies-extras.cmake
-- Symlinking: /home/kariya/Git/2023_off_team_b_main/install/drobo_interfaces/share/drobo_interfaces/cmake/rosidl_cmake_export_typesupport_libraries-extras.cmake
-- Symlinking: /home/kariya/Git/2023_off_team_b_main/install/drobo_interfaces/share/drobo_interfaces/cmake/drobo_interfacesConfig.cmake
-- Symlinking: /home/kariya/Git/2023_off_team_b_main/install/drobo_interfaces/share/drobo_interfaces/cmake/drobo_interfacesConfig-version.cmake
-- Symlinking: /home/kariya/Git/2023_off_team_b_main/install/drobo_interfaces/share/drobo_interfaces/package.xml
-- Installing: /home/kariya/Git/2023_off_team_b_main/install/drobo_interfaces/lib/libdrobo_interfaces__rosidl_generator_c.so
-- Set runtime path of "/home/kariya/Git/2023_off_team_b_main/install/drobo_interfaces/lib/libdrobo_interfaces__rosidl_generator_c.so" to ""
-- Installing: /home/kariya/Git/2023_off_team_b_main/install/drobo_interfaces/lib/libdrobo_interfaces__rosidl_typesupport_fastrtps_c.so
-- Set runtime path of "/home/kariya/Git/2023_off_team_b_main/install/drobo_interfaces/lib/libdrobo_interfaces__rosidl_typesupport_fastrtps_c.so" to ""
-- Installing: /home/kariya/Git/2023_off_team_b_main/install/drobo_interfaces/lib/libdrobo_interfaces__rosidl_typesupport_introspection_c.so
-- Set runtime path of "/home/kariya/Git/2023_off_team_b_main/install/drobo_interfaces/lib/libdrobo_interfaces__rosidl_typesupport_introspection_c.so" to ""
-- Installing: /home/kariya/Git/2023_off_team_b_main/install/drobo_interfaces/lib/libdrobo_interfaces__rosidl_typesupport_c.so
-- Set runtime path of "/home/kariya/Git/2023_off_team_b_main/install/drobo_interfaces/lib/libdrobo_interfaces__rosidl_typesupport_c.so" to ""
-- Installing: /home/kariya/Git/2023_off_team_b_main/install/drobo_interfaces/lib/libdrobo_interfaces__rosidl_typesupport_fastrtps_cpp.so
-- Set runtime path of "/home/kariya/Git/2023_off_team_b_main/install/drobo_interfaces/lib/libdrobo_interfaces__rosidl_typesupport_fastrtps_cpp.so" to ""
-- Installing: /home/kariya/Git/2023_off_team_b_main/install/drobo_interfaces/lib/libdrobo_interfaces__rosidl_typesupport_introspection_cpp.so
-- Set runtime path of "/home/kariya/Git/2023_off_team_b_main/install/drobo_interfaces/lib/libdrobo_interfaces__rosidl_typesupport_introspection_cpp.so" to ""
-- Installing: /home/kariya/Git/2023_off_team_b_main/install/drobo_interfaces/lib/libdrobo_interfaces__rosidl_typesupport_cpp.so
-- Set runtime path of "/home/kariya/Git/2023_off_team_b_main/install/drobo_interfaces/lib/libdrobo_interfaces__rosidl_typesupport_cpp.so" to ""
Listing '/home/kariya/Git/2023_off_team_b_main/install/drobo_interfaces/local/lib/python3.10/dist-packages/drobo_interfaces'...
Compiling '/home/kariya/Git/2023_off_team_b_main/install/drobo_interfaces/local/lib/python3.10/dist-packages/drobo_interfaces/__init__.py'...
Listing '/home/kariya/Git/2023_off_team_b_main/install/drobo_interfaces/local/lib/python3.10/dist-packages/drobo_interfaces/msg'...
Compiling '/home/kariya/Git/2023_off_team_b_main/install/drobo_interfaces/local/lib/python3.10/dist-packages/drobo_interfaces/msg/__init__.py'...
Compiling '/home/kariya/Git/2023_off_team_b_main/install/drobo_interfaces/local/lib/python3.10/dist-packages/drobo_interfaces/msg/_md_lib_msg.py'...
Compiling '/home/kariya/Git/2023_off_team_b_main/install/drobo_interfaces/local/lib/python3.10/dist-packages/drobo_interfaces/msg/_sd_lib_msg.py'...
Listing '/home/kariya/Git/2023_off_team_b_main/install/drobo_interfaces/local/lib/python3.10/dist-packages/drobo_interfaces/srv'...
Compiling '/home/kariya/Git/2023_off_team_b_main/install/drobo_interfaces/local/lib/python3.10/dist-packages/drobo_interfaces/srv/__init__.py'...
Compiling '/home/kariya/Git/2023_off_team_b_main/install/drobo_interfaces/local/lib/python3.10/dist-packages/drobo_interfaces/srv/_solenoid_state_srv.py'...
-- Installing: /home/kariya/Git/2023_off_team_b_main/install/drobo_interfaces/lib/libdrobo_interfaces__rosidl_generator_py.so
-- Set runtime path of "/home/kariya/Git/2023_off_team_b_main/install/drobo_interfaces/lib/libdrobo_interfaces__rosidl_generator_py.so" to ""
-- Installing: /home/kariya/Git/2023_off_team_b_main/install/drobo_interfaces/share/drobo_interfaces/cmake/export_drobo_interfaces__rosidl_generator_cExport.cmake
-- Installing: /home/kariya/Git/2023_off_team_b_main/install/drobo_interfaces/share/drobo_interfaces/cmake/export_drobo_interfaces__rosidl_generator_cExport-noconfig.cmake
-- Installing: /home/kariya/Git/2023_off_team_b_main/install/drobo_interfaces/share/drobo_interfaces/cmake/export_drobo_interfaces__rosidl_typesupport_fastrtps_cExport.cmake
-- Installing: /home/kariya/Git/2023_off_team_b_main/install/drobo_interfaces/share/drobo_interfaces/cmake/export_drobo_interfaces__rosidl_typesupport_fastrtps_cExport-noconfig.cmake
-- Installing: /home/kariya/Git/2023_off_team_b_main/install/drobo_interfaces/share/drobo_interfaces/cmake/drobo_interfaces__rosidl_typesupport_introspection_cExport.cmake
-- Installing: /home/kariya/Git/2023_off_team_b_main/install/drobo_interfaces/share/drobo_interfaces/cmake/drobo_interfaces__rosidl_typesupport_introspection_cExport-noconfig.cmake
-- Installing: /home/kariya/Git/2023_off_team_b_main/install/drobo_interfaces/share/drobo_interfaces/cmake/drobo_interfaces__rosidl_typesupport_cExport.cmake
-- Installing: /home/kariya/Git/2023_off_team_b_main/install/drobo_interfaces/share/drobo_interfaces/cmake/drobo_interfaces__rosidl_typesupport_cExport-noconfig.cmake
-- Installing: /home/kariya/Git/2023_off_team_b_main/install/drobo_interfaces/share/drobo_interfaces/cmake/export_drobo_interfaces__rosidl_generator_cppExport.cmake
-- Installing: /home/kariya/Git/2023_off_team_b_main/install/drobo_interfaces/share/drobo_interfaces/cmake/export_drobo_interfaces__rosidl_typesupport_fastrtps_cppExport.cmake
-- Installing: /home/kariya/Git/2023_off_team_b_main/install/drobo_interfaces/share/drobo_interfaces/cmake/export_drobo_interfaces__rosidl_typesupport_fastrtps_cppExport-noconfig.cmake
-- Installing: /home/kariya/Git/2023_off_team_b_main/install/drobo_interfaces/share/drobo_interfaces/cmake/drobo_interfaces__rosidl_typesupport_introspection_cppExport.cmake
-- Installing: /home/kariya/Git/2023_off_team_b_main/install/drobo_interfaces/share/drobo_interfaces/cmake/drobo_interfaces__rosidl_typesupport_introspection_cppExport-noconfig.cmake
-- Installing: /home/kariya/Git/2023_off_team_b_main/install/drobo_interfaces/share/drobo_interfaces/cmake/drobo_interfaces__rosidl_typesupport_cppExport.cmake
-- Installing: /home/kariya/Git/2023_off_team_b_main/install/drobo_interfaces/share/drobo_interfaces/cmake/drobo_interfaces__rosidl_typesupport_cppExport-noconfig.cmake
-- Installing: /home/kariya/Git/2023_off_team_b_main/install/drobo_interfaces/share/drobo_interfaces/cmake/export_drobo_interfaces__rosidl_generator_pyExport.cmake
-- Installing: /home/kariya/Git/2023_off_team_b_main/install/drobo_interfaces/share/drobo_interfaces/cmake/export_drobo_interfaces__rosidl_generator_pyExport-noconfig.cmake
