[0.101s] Invoking command in '/home/kariya/Git/2023_off_team_b_main/build/drobo_interfaces': CMAKE_PREFIX_PATH=${CMAKE_PREFIX_PATH}:/home/kariya/Git/2023_off_team_b_controller/install/swerve_drive_control:/opt/ros/humble /usr/bin/cmake /home/kariya/Git/2023_off_team_b_main/src/drobo_interfaces -DAMENT_CMAKE_SYMLINK_INSTALL=1 -DCMAKE_INSTALL_PREFIX=/home/kariya/Git/2023_off_team_b_main/install/drobo_interfaces
[0.145s] -- The C compiler identification is GNU 11.4.0
[0.192s] -- The CXX compiler identification is GNU 11.4.0
[0.200s] -- Detecting C compiler ABI info
[0.252s] -- Detecting C compiler ABI info - done
[0.257s] -- Check for working C compiler: /usr/bin/cc - skipped
[0.257s] -- Detecting C compile features
[0.257s] -- Detecting C compile features - done
[0.259s] -- Detecting CXX compiler ABI info
[0.320s] -- Detecting CXX compiler ABI info - done
[0.325s] -- Check for working CXX compiler: /usr/bin/c++ - skipped
[0.325s] -- Detecting CXX compile features
[0.326s] -- Detecting CXX compile features - done
[0.328s] -- Found ament_cmake: 1.3.6 (/opt/ros/humble/share/ament_cmake/cmake)
[0.604s] -- Found Python3: /usr/bin/python3.10 (found version "3.10.12") found components: Interpreter 
[0.653s] -- Override CMake install command with custom implementation using symlinks instead of copying resources
[0.677s] -- Found rosidl_default_generators: 1.2.0 (/opt/ros/humble/share/rosidl_default_generators/cmake)
[0.680s] -- Using all available rosidl_typesupport_c: rosidl_typesupport_fastrtps_c;rosidl_typesupport_introspection_c
[0.686s] -- Found rosidl_adapter: 3.1.5 (/opt/ros/humble/share/rosidl_adapter/cmake)
[0.720s] -- Using all available rosidl_typesupport_cpp: rosidl_typesupport_fastrtps_cpp;rosidl_typesupport_introspection_cpp
[0.905s] -- Found ament_cmake_ros: 0.10.0 (/opt/ros/humble/share/ament_cmake_ros/cmake)
[0.989s] -- Using all available rosidl_typesupport_c: rosidl_typesupport_fastrtps_c;rosidl_typesupport_introspection_c
[1.084s] -- Using all available rosidl_typesupport_cpp: rosidl_typesupport_fastrtps_cpp;rosidl_typesupport_introspection_cpp
[1.104s] -- Found PythonInterp: /usr/bin/python3 (found suitable version "3.10.12", minimum required is "3.6") 
[1.106s] -- Found python_cmake_module: 0.10.0 (/opt/ros/humble/share/python_cmake_module/cmake)
[1.128s] -- Found PythonLibs: /usr/lib/x86_64-linux-gnu/libpython3.10.so (found suitable version "3.10.12", minimum required is "3.5") 
[1.128s] -- Using PYTHON_EXECUTABLE: /usr/bin/python3
[1.128s] -- Using PYTHON_INCLUDE_DIRS: /usr/include/python3.10
[1.128s] -- Using PYTHON_LIBRARIES: /usr/lib/x86_64-linux-gnu/libpython3.10.so
[1.147s] -- Found PythonExtra: .so  
[1.178s] -- Found ament_lint_auto: 0.12.9 (/opt/ros/humble/share/ament_lint_auto/cmake)
[1.199s] -- Added test 'copyright' to check source files copyright and LICENSE
[1.206s] -- Added test 'lint_cmake' to check CMake code style
[1.210s] -- Added test 'xmllint' to check XML markup files
[1.214s] -- Configuring done
[1.244s] -- Generating done
[1.246s] -- Build files have been written to: /home/kariya/Git/2023_off_team_b_main/build/drobo_interfaces
[1.255s] Invoked command in '/home/kariya/Git/2023_off_team_b_main/build/drobo_interfaces' returned '0': CMAKE_PREFIX_PATH=${CMAKE_PREFIX_PATH}:/home/kariya/Git/2023_off_team_b_controller/install/swerve_drive_control:/opt/ros/humble /usr/bin/cmake /home/kariya/Git/2023_off_team_b_main/src/drobo_interfaces -DAMENT_CMAKE_SYMLINK_INSTALL=1 -DCMAKE_INSTALL_PREFIX=/home/kariya/Git/2023_off_team_b_main/install/drobo_interfaces
[1.256s] Invoking command in '/home/kariya/Git/2023_off_team_b_main/build/drobo_interfaces': CMAKE_PREFIX_PATH=${CMAKE_PREFIX_PATH}:/home/kariya/Git/2023_off_team_b_controller/install/swerve_drive_control:/opt/ros/humble /usr/bin/cmake --build /home/kariya/Git/2023_off_team_b_main/build/drobo_interfaces -- -j16 -l16
[1.278s] [  2%] [34m[1mGenerating C code for ROS interfaces[0m
[1.283s] [  4%] [34m[1mGenerating C++ code for ROS interfaces[0m
[1.286s] [  4%] Built target ament_cmake_python_symlink_drobo_interfaces
[1.462s] running egg_info
[1.462s] creating drobo_interfaces.egg-info
[1.463s] writing drobo_interfaces.egg-info/PKG-INFO
[1.463s] writing dependency_links to drobo_interfaces.egg-info/dependency_links.txt
[1.463s] writing top-level names to drobo_interfaces.egg-info/top_level.txt
[1.463s] writing manifest file 'drobo_interfaces.egg-info/SOURCES.txt'
[1.464s] reading manifest file 'drobo_interfaces.egg-info/SOURCES.txt'
[1.465s] writing manifest file 'drobo_interfaces.egg-info/SOURCES.txt'
[1.484s] [  4%] Built target ament_cmake_python_build_drobo_interfaces_egg
[1.587s] [  4%] Built target drobo_interfaces__cpp
[1.593s] [ 10%] [34m[1mGenerating C++ type support dispatch for ROS interfaces[0m
[1.593s] [ 10%] [34m[1mGenerating C++ type support for eProsima Fast-RTPS[0m
[1.593s] [ 10%] [34m[1mGenerating C++ introspection for ROS interfaces[0m
[1.609s] [ 17%] [32mBuilding C object CMakeFiles/drobo_interfaces__rosidl_generator_c.dir/rosidl_generator_c/drobo_interfaces/srv/detail/solenoid_state_srv__functions.c.o[0m
[1.609s] [ 17%] [32mBuilding C object CMakeFiles/drobo_interfaces__rosidl_generator_c.dir/rosidl_generator_c/drobo_interfaces/msg/detail/sd_lib_msg__functions.c.o[0m
[1.610s] [ 17%] [32mBuilding C object CMakeFiles/drobo_interfaces__rosidl_generator_c.dir/rosidl_generator_c/drobo_interfaces/msg/detail/md_lib_msg__functions.c.o[0m
[1.654s] [ 19%] [32m[1mLinking C shared library libdrobo_interfaces__rosidl_generator_c.so[0m
[1.680s] [ 19%] Built target drobo_interfaces__rosidl_generator_c
[1.686s] [ 25%] [34m[1mGenerating C type support for eProsima Fast-RTPS[0m
[1.686s] [ 25%] [34m[1mGenerating C type support dispatch for ROS interfaces[0m
[1.686s] [ 25%] [34m[1mGenerating C introspection for ROS interfaces[0m
[1.887s] [ 31%] [32mBuilding CXX object CMakeFiles/drobo_interfaces__rosidl_typesupport_cpp.dir/rosidl_typesupport_cpp/drobo_interfaces/srv/solenoid_state_srv__type_support.cpp.o[0m
[1.887s] [ 31%] [32mBuilding CXX object CMakeFiles/drobo_interfaces__rosidl_typesupport_cpp.dir/rosidl_typesupport_cpp/drobo_interfaces/msg/md_lib_msg__type_support.cpp.o[0m
[1.887s] [ 31%] [32mBuilding CXX object CMakeFiles/drobo_interfaces__rosidl_typesupport_cpp.dir/rosidl_typesupport_cpp/drobo_interfaces/msg/sd_lib_msg__type_support.cpp.o[0m
[1.920s] [ 34%] [32mBuilding CXX object CMakeFiles/drobo_interfaces__rosidl_typesupport_introspection_cpp.dir/rosidl_typesupport_introspection_cpp/drobo_interfaces/msg/detail/md_lib_msg__type_support.cpp.o[0m
[1.921s] [ 36%] [32mBuilding CXX object CMakeFiles/drobo_interfaces__rosidl_typesupport_introspection_cpp.dir/rosidl_typesupport_introspection_cpp/drobo_interfaces/msg/detail/sd_lib_msg__type_support.cpp.o[0m
[1.921s] [ 38%] [32mBuilding CXX object CMakeFiles/drobo_interfaces__rosidl_typesupport_introspection_cpp.dir/rosidl_typesupport_introspection_cpp/drobo_interfaces/srv/detail/solenoid_state_srv__type_support.cpp.o[0m
[1.942s] [ 40%] [32mBuilding CXX object CMakeFiles/drobo_interfaces__rosidl_typesupport_fastrtps_cpp.dir/rosidl_typesupport_fastrtps_cpp/drobo_interfaces/msg/detail/dds_fastrtps/md_lib_msg__type_support.cpp.o[0m
[1.943s] [ 44%] [32mBuilding CXX object CMakeFiles/drobo_interfaces__rosidl_typesupport_fastrtps_cpp.dir/rosidl_typesupport_fastrtps_cpp/drobo_interfaces/srv/detail/dds_fastrtps/solenoid_state_srv__type_support.cpp.o[0m
[1.943s] [ 44%] [32mBuilding CXX object CMakeFiles/drobo_interfaces__rosidl_typesupport_fastrtps_cpp.dir/rosidl_typesupport_fastrtps_cpp/drobo_interfaces/msg/detail/dds_fastrtps/sd_lib_msg__type_support.cpp.o[0m
[1.990s] [ 48%] [32mBuilding CXX object CMakeFiles/drobo_interfaces__rosidl_typesupport_c.dir/rosidl_typesupport_c/drobo_interfaces/msg/md_lib_msg__type_support.cpp.o[0m
[1.990s] [ 48%] [32mBuilding CXX object CMakeFiles/drobo_interfaces__rosidl_typesupport_c.dir/rosidl_typesupport_c/drobo_interfaces/msg/sd_lib_msg__type_support.cpp.o[0m
[1.990s] [ 51%] [32mBuilding CXX object CMakeFiles/drobo_interfaces__rosidl_typesupport_c.dir/rosidl_typesupport_c/drobo_interfaces/srv/solenoid_state_srv__type_support.cpp.o[0m
[2.027s] [ 53%] [32m[1mLinking CXX shared library libdrobo_interfaces__rosidl_typesupport_c.so[0m
[2.064s] [ 53%] Built target drobo_interfaces__rosidl_typesupport_c
[2.068s] [ 55%] [32mBuilding CXX object CMakeFiles/drobo_interfaces__rosidl_typesupport_fastrtps_c.dir/rosidl_typesupport_fastrtps_c/drobo_interfaces/msg/detail/md_lib_msg__type_support_c.cpp.o[0m
[2.068s] [ 57%] [32mBuilding CXX object CMakeFiles/drobo_interfaces__rosidl_typesupport_fastrtps_c.dir/rosidl_typesupport_fastrtps_c/drobo_interfaces/srv/detail/solenoid_state_srv__type_support_c.cpp.o[0m
[2.068s] [ 59%] [32mBuilding CXX object CMakeFiles/drobo_interfaces__rosidl_typesupport_fastrtps_c.dir/rosidl_typesupport_fastrtps_c/drobo_interfaces/msg/detail/sd_lib_msg__type_support_c.cpp.o[0m
[2.113s] [ 65%] [32mBuilding C object CMakeFiles/drobo_interfaces__rosidl_typesupport_introspection_c.dir/rosidl_typesupport_introspection_c/drobo_interfaces/srv/detail/solenoid_state_srv__type_support.c.o[0m
[2.113s] [ 65%] [32mBuilding C object CMakeFiles/drobo_interfaces__rosidl_typesupport_introspection_c.dir/rosidl_typesupport_introspection_c/drobo_interfaces/msg/detail/sd_lib_msg__type_support.c.o[0m
[2.114s] [ 65%] [32mBuilding C object CMakeFiles/drobo_interfaces__rosidl_typesupport_introspection_c.dir/rosidl_typesupport_introspection_c/drobo_interfaces/msg/detail/md_lib_msg__type_support.c.o[0m
[2.169s] [ 68%] [32m[1mLinking C shared library libdrobo_interfaces__rosidl_typesupport_introspection_c.so[0m
[2.194s] [ 68%] Built target drobo_interfaces__rosidl_typesupport_introspection_c
[2.256s] [ 70%] [32m[1mLinking CXX shared library libdrobo_interfaces__rosidl_typesupport_cpp.so[0m
[2.310s] [ 70%] Built target drobo_interfaces__rosidl_typesupport_cpp
[2.393s] [ 72%] [32m[1mLinking CXX shared library libdrobo_interfaces__rosidl_typesupport_introspection_cpp.so[0m
[2.443s] [ 74%] [32m[1mLinking CXX shared library libdrobo_interfaces__rosidl_typesupport_fastrtps_c.so[0m
[2.458s] [ 74%] Built target drobo_interfaces__rosidl_typesupport_introspection_cpp
[2.469s] [ 76%] [32m[1mLinking CXX shared library libdrobo_interfaces__rosidl_typesupport_fastrtps_cpp.so[0m
[2.498s] [ 76%] Built target drobo_interfaces__rosidl_typesupport_fastrtps_c
[2.521s] [ 76%] Built target drobo_interfaces__rosidl_typesupport_fastrtps_cpp
[2.533s] [ 76%] Built target drobo_interfaces
[2.542s] [ 78%] [34m[1mGenerating Python code for ROS interfaces[0m
[2.990s] [ 78%] Built target drobo_interfaces__py
[2.999s] [ 80%] [32mBuilding C object CMakeFiles/drobo_interfaces__rosidl_generator_py.dir/rosidl_generator_py/drobo_interfaces/msg/_md_lib_msg_s.c.o[0m
[3.000s] [ 85%] [32mBuilding C object CMakeFiles/drobo_interfaces__rosidl_generator_py.dir/rosidl_generator_py/drobo_interfaces/msg/_sd_lib_msg_s.c.o[0m
[3.000s] [ 85%] [32mBuilding C object CMakeFiles/drobo_interfaces__rosidl_generator_py.dir/rosidl_generator_py/drobo_interfaces/srv/_solenoid_state_srv_s.c.o[0m
[3.074s] [ 87%] [32m[1mLinking C shared library rosidl_generator_py/drobo_interfaces/libdrobo_interfaces__rosidl_generator_py.so[0m
[3.100s] [ 87%] Built target drobo_interfaces__rosidl_generator_py
[3.109s] [ 93%] [32mBuilding C object CMakeFiles/drobo_interfaces__rosidl_typesupport_c__pyext.dir/rosidl_generator_py/drobo_interfaces/_drobo_interfaces_s.ep.rosidl_typesupport_c.c.o[0m
[3.109s] [ 93%] [32mBuilding C object CMakeFiles/drobo_interfaces__rosidl_typesupport_fastrtps_c__pyext.dir/rosidl_generator_py/drobo_interfaces/_drobo_interfaces_s.ep.rosidl_typesupport_fastrtps_c.c.o[0m
[3.109s] [ 93%] [32mBuilding C object CMakeFiles/drobo_interfaces__rosidl_typesupport_introspection_c__pyext.dir/rosidl_generator_py/drobo_interfaces/_drobo_interfaces_s.ep.rosidl_typesupport_introspection_c.c.o[0m
[3.179s] [ 97%] [32m[1mLinking C shared library rosidl_generator_py/drobo_interfaces/drobo_interfaces_s__rosidl_typesupport_c.cpython-310-x86_64-linux-gnu.so[0m
[3.180s] [ 97%] [32m[1mLinking C shared library rosidl_generator_py/drobo_interfaces/drobo_interfaces_s__rosidl_typesupport_introspection_c.cpython-310-x86_64-linux-gnu.so[0m
[3.184s] [100%] [32m[1mLinking C shared library rosidl_generator_py/drobo_interfaces/drobo_interfaces_s__rosidl_typesupport_fastrtps_c.cpython-310-x86_64-linux-gnu.so[0m
[3.200s] [100%] Built target drobo_interfaces__rosidl_typesupport_introspection_c__pyext
[3.200s] [100%] Built target drobo_interfaces__rosidl_typesupport_c__pyext
[3.205s] [100%] Built target drobo_interfaces__rosidl_typesupport_fastrtps_c__pyext
[3.211s] Invoked command in '/home/kariya/Git/2023_off_team_b_main/build/drobo_interfaces' returned '0': CMAKE_PREFIX_PATH=${CMAKE_PREFIX_PATH}:/home/kariya/Git/2023_off_team_b_controller/install/swerve_drive_control:/opt/ros/humble /usr/bin/cmake --build /home/kariya/Git/2023_off_team_b_main/build/drobo_interfaces -- -j16 -l16
[3.316s] Invoking command in '/home/kariya/Git/2023_off_team_b_main/build/drobo_interfaces': CMAKE_PREFIX_PATH=${CMAKE_PREFIX_PATH}:/home/kariya/Git/2023_off_team_b_controller/install/swerve_drive_control:/opt/ros/humble /usr/bin/cmake --install /home/kariya/Git/2023_off_team_b_main/build/drobo_interfaces
[3.319s] -- Install configuration: ""
[3.319s] -- Execute custom install script
[3.320s] -- Symlinking: /home/kariya/Git/2023_off_team_b_main/install/drobo_interfaces/share/ament_index/resource_index/rosidl_interfaces/drobo_interfaces
[3.324s] -- Symlinking: /home/kariya/Git/2023_off_team_b_main/install/drobo_interfaces/include/drobo_interfaces/drobo_interfaces/msg/detail/md_lib_msg__functions.h
[3.327s] -- Symlinking: /home/kariya/Git/2023_off_team_b_main/install/drobo_interfaces/include/drobo_interfaces/drobo_interfaces/msg/detail/md_lib_msg__struct.h
[3.330s] -- Symlinking: /home/kariya/Git/2023_off_team_b_main/install/drobo_interfaces/include/drobo_interfaces/drobo_interfaces/msg/detail/md_lib_msg__type_support.h
[3.333s] -- Symlinking: /home/kariya/Git/2023_off_team_b_main/install/drobo_interfaces/include/drobo_interfaces/drobo_interfaces/msg/detail/sd_lib_msg__functions.h
[3.336s] -- Symlinking: /home/kariya/Git/2023_off_team_b_main/install/drobo_interfaces/include/drobo_interfaces/drobo_interfaces/msg/detail/sd_lib_msg__struct.h
[3.339s] -- Symlinking: /home/kariya/Git/2023_off_team_b_main/install/drobo_interfaces/include/drobo_interfaces/drobo_interfaces/msg/detail/sd_lib_msg__type_support.h
[3.342s] -- Symlinking: /home/kariya/Git/2023_off_team_b_main/install/drobo_interfaces/include/drobo_interfaces/drobo_interfaces/msg/md_lib_msg.h
[3.345s] -- Symlinking: /home/kariya/Git/2023_off_team_b_main/install/drobo_interfaces/include/drobo_interfaces/drobo_interfaces/msg/rosidl_generator_c__visibility_control.h
[3.348s] -- Symlinking: /home/kariya/Git/2023_off_team_b_main/install/drobo_interfaces/include/drobo_interfaces/drobo_interfaces/msg/sd_lib_msg.h
[3.351s] -- Symlinking: /home/kariya/Git/2023_off_team_b_main/install/drobo_interfaces/include/drobo_interfaces/drobo_interfaces/srv/detail/solenoid_state_srv__functions.h
[3.355s] -- Symlinking: /home/kariya/Git/2023_off_team_b_main/install/drobo_interfaces/include/drobo_interfaces/drobo_interfaces/srv/detail/solenoid_state_srv__struct.h
[3.357s] -- Symlinking: /home/kariya/Git/2023_off_team_b_main/install/drobo_interfaces/include/drobo_interfaces/drobo_interfaces/srv/detail/solenoid_state_srv__type_support.h
[3.360s] -- Symlinking: /home/kariya/Git/2023_off_team_b_main/install/drobo_interfaces/include/drobo_interfaces/drobo_interfaces/srv/solenoid_state_srv.h
[3.364s] -- Symlinking: /home/kariya/Git/2023_off_team_b_main/install/drobo_interfaces/share/drobo_interfaces/environment/library_path.sh
[3.366s] -- Symlinking: /home/kariya/Git/2023_off_team_b_main/install/drobo_interfaces/share/drobo_interfaces/environment/library_path.dsv
[3.370s] -- Symlinking: /home/kariya/Git/2023_off_team_b_main/install/drobo_interfaces/include/drobo_interfaces/drobo_interfaces/msg/detail/md_lib_msg__rosidl_typesupport_fastrtps_c.h
[3.374s] -- Symlinking: /home/kariya/Git/2023_off_team_b_main/install/drobo_interfaces/include/drobo_interfaces/drobo_interfaces/msg/detail/sd_lib_msg__rosidl_typesupport_fastrtps_c.h
[3.377s] -- Symlinking: /home/kariya/Git/2023_off_team_b_main/install/drobo_interfaces/include/drobo_interfaces/drobo_interfaces/msg/rosidl_typesupport_fastrtps_c__visibility_control.h
[3.380s] -- Symlinking: /home/kariya/Git/2023_off_team_b_main/install/drobo_interfaces/include/drobo_interfaces/drobo_interfaces/srv/detail/solenoid_state_srv__rosidl_typesupport_fastrtps_c.h
[3.383s] -- Symlinking: /home/kariya/Git/2023_off_team_b_main/install/drobo_interfaces/include/drobo_interfaces/drobo_interfaces/msg/detail/md_lib_msg__rosidl_typesupport_introspection_c.h
[3.385s] -- Symlinking: /home/kariya/Git/2023_off_team_b_main/install/drobo_interfaces/include/drobo_interfaces/drobo_interfaces/msg/detail/sd_lib_msg__rosidl_typesupport_introspection_c.h
[3.388s] -- Symlinking: /home/kariya/Git/2023_off_team_b_main/install/drobo_interfaces/include/drobo_interfaces/drobo_interfaces/msg/rosidl_typesupport_introspection_c__visibility_control.h
[3.392s] -- Symlinking: /home/kariya/Git/2023_off_team_b_main/install/drobo_interfaces/include/drobo_interfaces/drobo_interfaces/srv/detail/solenoid_state_srv__rosidl_typesupport_introspection_c.h
[3.396s] -- Symlinking: /home/kariya/Git/2023_off_team_b_main/install/drobo_interfaces/include/drobo_interfaces/drobo_interfaces/msg/detail/md_lib_msg__builder.hpp
[3.399s] -- Symlinking: /home/kariya/Git/2023_off_team_b_main/install/drobo_interfaces/include/drobo_interfaces/drobo_interfaces/msg/detail/md_lib_msg__struct.hpp
[3.402s] -- Symlinking: /home/kariya/Git/2023_off_team_b_main/install/drobo_interfaces/include/drobo_interfaces/drobo_interfaces/msg/detail/md_lib_msg__traits.hpp
[3.405s] -- Symlinking: /home/kariya/Git/2023_off_team_b_main/install/drobo_interfaces/include/drobo_interfaces/drobo_interfaces/msg/detail/sd_lib_msg__builder.hpp
[3.409s] -- Symlinking: /home/kariya/Git/2023_off_team_b_main/install/drobo_interfaces/include/drobo_interfaces/drobo_interfaces/msg/detail/sd_lib_msg__struct.hpp
[3.412s] -- Symlinking: /home/kariya/Git/2023_off_team_b_main/install/drobo_interfaces/include/drobo_interfaces/drobo_interfaces/msg/detail/sd_lib_msg__traits.hpp
[3.415s] -- Symlinking: /home/kariya/Git/2023_off_team_b_main/install/drobo_interfaces/include/drobo_interfaces/drobo_interfaces/msg/md_lib_msg.hpp
[3.417s] -- Symlinking: /home/kariya/Git/2023_off_team_b_main/install/drobo_interfaces/include/drobo_interfaces/drobo_interfaces/msg/sd_lib_msg.hpp
[3.420s] -- Symlinking: /home/kariya/Git/2023_off_team_b_main/install/drobo_interfaces/include/drobo_interfaces/drobo_interfaces/srv/detail/solenoid_state_srv__builder.hpp
[3.423s] -- Symlinking: /home/kariya/Git/2023_off_team_b_main/install/drobo_interfaces/include/drobo_interfaces/drobo_interfaces/srv/detail/solenoid_state_srv__struct.hpp
[3.427s] -- Symlinking: /home/kariya/Git/2023_off_team_b_main/install/drobo_interfaces/include/drobo_interfaces/drobo_interfaces/srv/detail/solenoid_state_srv__traits.hpp
[3.430s] -- Symlinking: /home/kariya/Git/2023_off_team_b_main/install/drobo_interfaces/include/drobo_interfaces/drobo_interfaces/srv/solenoid_state_srv.hpp
[3.434s] -- Symlinking: /home/kariya/Git/2023_off_team_b_main/install/drobo_interfaces/include/drobo_interfaces/drobo_interfaces/msg/detail/md_lib_msg__rosidl_typesupport_fastrtps_cpp.hpp
[3.437s] -- Symlinking: /home/kariya/Git/2023_off_team_b_main/install/drobo_interfaces/include/drobo_interfaces/drobo_interfaces/msg/detail/sd_lib_msg__rosidl_typesupport_fastrtps_cpp.hpp
[3.440s] -- Symlinking: /home/kariya/Git/2023_off_team_b_main/install/drobo_interfaces/include/drobo_interfaces/drobo_interfaces/msg/rosidl_typesupport_fastrtps_cpp__visibility_control.h
[3.443s] -- Symlinking: /home/kariya/Git/2023_off_team_b_main/install/drobo_interfaces/include/drobo_interfaces/drobo_interfaces/srv/detail/solenoid_state_srv__rosidl_typesupport_fastrtps_cpp.hpp
[3.446s] -- Symlinking: /home/kariya/Git/2023_off_team_b_main/install/drobo_interfaces/include/drobo_interfaces/drobo_interfaces/msg/detail/md_lib_msg__rosidl_typesupport_introspection_cpp.hpp
[3.449s] -- Symlinking: /home/kariya/Git/2023_off_team_b_main/install/drobo_interfaces/include/drobo_interfaces/drobo_interfaces/msg/detail/sd_lib_msg__rosidl_typesupport_introspection_cpp.hpp
[3.452s] -- Symlinking: /home/kariya/Git/2023_off_team_b_main/install/drobo_interfaces/include/drobo_interfaces/drobo_interfaces/srv/detail/solenoid_state_srv__rosidl_typesupport_introspection_cpp.hpp
[3.456s] -- Symlinking: /home/kariya/Git/2023_off_team_b_main/install/drobo_interfaces/share/drobo_interfaces/environment/pythonpath.sh
[3.459s] -- Symlinking: /home/kariya/Git/2023_off_team_b_main/install/drobo_interfaces/share/drobo_interfaces/environment/pythonpath.dsv
[3.462s] -- Symlinking: /home/kariya/Git/2023_off_team_b_main/install/drobo_interfaces/local/lib/python3.10/dist-packages/drobo_interfaces-0.0.0-py3.10.egg-info/PKG-INFO
[3.465s] -- Symlinking: /home/kariya/Git/2023_off_team_b_main/install/drobo_interfaces/local/lib/python3.10/dist-packages/drobo_interfaces-0.0.0-py3.10.egg-info/SOURCES.txt
[3.468s] -- Symlinking: /home/kariya/Git/2023_off_team_b_main/install/drobo_interfaces/local/lib/python3.10/dist-packages/drobo_interfaces-0.0.0-py3.10.egg-info/dependency_links.txt
[3.472s] -- Symlinking: /home/kariya/Git/2023_off_team_b_main/install/drobo_interfaces/local/lib/python3.10/dist-packages/drobo_interfaces-0.0.0-py3.10.egg-info/top_level.txt
[3.476s] -- Symlinking: /home/kariya/Git/2023_off_team_b_main/install/drobo_interfaces/local/lib/python3.10/dist-packages/drobo_interfaces/__init__.py
[3.479s] -- Symlinking: /home/kariya/Git/2023_off_team_b_main/install/drobo_interfaces/local/lib/python3.10/dist-packages/drobo_interfaces/_drobo_interfaces_s.ep.rosidl_typesupport_c.c
[3.482s] -- Symlinking: /home/kariya/Git/2023_off_team_b_main/install/drobo_interfaces/local/lib/python3.10/dist-packages/drobo_interfaces/_drobo_interfaces_s.ep.rosidl_typesupport_fastrtps_c.c
[3.485s] -- Symlinking: /home/kariya/Git/2023_off_team_b_main/install/drobo_interfaces/local/lib/python3.10/dist-packages/drobo_interfaces/_drobo_interfaces_s.ep.rosidl_typesupport_introspection_c.c
[3.489s] -- Symlinking: /home/kariya/Git/2023_off_team_b_main/install/drobo_interfaces/local/lib/python3.10/dist-packages/drobo_interfaces/drobo_interfaces_s__rosidl_typesupport_c.cpython-310-x86_64-linux-gnu.so
[3.493s] -- Symlinking: /home/kariya/Git/2023_off_team_b_main/install/drobo_interfaces/local/lib/python3.10/dist-packages/drobo_interfaces/drobo_interfaces_s__rosidl_typesupport_fastrtps_c.cpython-310-x86_64-linux-gnu.so
[3.496s] -- Symlinking: /home/kariya/Git/2023_off_team_b_main/install/drobo_interfaces/local/lib/python3.10/dist-packages/drobo_interfaces/drobo_interfaces_s__rosidl_typesupport_introspection_c.cpython-310-x86_64-linux-gnu.so
[3.498s] -- Symlinking: /home/kariya/Git/2023_off_team_b_main/install/drobo_interfaces/local/lib/python3.10/dist-packages/drobo_interfaces/libdrobo_interfaces__rosidl_generator_py.so
[3.502s] -- Symlinking: /home/kariya/Git/2023_off_team_b_main/install/drobo_interfaces/local/lib/python3.10/dist-packages/drobo_interfaces/msg/__init__.py
[3.506s] -- Symlinking: /home/kariya/Git/2023_off_team_b_main/install/drobo_interfaces/local/lib/python3.10/dist-packages/drobo_interfaces/msg/_md_lib_msg.py
[3.509s] -- Symlinking: /home/kariya/Git/2023_off_team_b_main/install/drobo_interfaces/local/lib/python3.10/dist-packages/drobo_interfaces/msg/_md_lib_msg_s.c
[3.512s] -- Symlinking: /home/kariya/Git/2023_off_team_b_main/install/drobo_interfaces/local/lib/python3.10/dist-packages/drobo_interfaces/msg/_sd_lib_msg.py
[3.515s] -- Symlinking: /home/kariya/Git/2023_off_team_b_main/install/drobo_interfaces/local/lib/python3.10/dist-packages/drobo_interfaces/msg/_sd_lib_msg_s.c
[3.517s] -- Symlinking: /home/kariya/Git/2023_off_team_b_main/install/drobo_interfaces/local/lib/python3.10/dist-packages/drobo_interfaces/srv/__init__.py
[3.521s] -- Symlinking: /home/kariya/Git/2023_off_team_b_main/install/drobo_interfaces/local/lib/python3.10/dist-packages/drobo_interfaces/srv/_solenoid_state_srv.py
[3.524s] -- Symlinking: /home/kariya/Git/2023_off_team_b_main/install/drobo_interfaces/local/lib/python3.10/dist-packages/drobo_interfaces/srv/_solenoid_state_srv_s.c
[3.527s] -- Up-to-date symlink: /home/kariya/Git/2023_off_team_b_main/install/drobo_interfaces/local/lib/python3.10/dist-packages/drobo_interfaces/drobo_interfaces_s__rosidl_typesupport_fastrtps_c.cpython-310-x86_64-linux-gnu.so
[3.528s] -- Up-to-date symlink: /home/kariya/Git/2023_off_team_b_main/install/drobo_interfaces/local/lib/python3.10/dist-packages/drobo_interfaces/drobo_interfaces_s__rosidl_typesupport_introspection_c.cpython-310-x86_64-linux-gnu.so
[3.528s] -- Up-to-date symlink: /home/kariya/Git/2023_off_team_b_main/install/drobo_interfaces/local/lib/python3.10/dist-packages/drobo_interfaces/drobo_interfaces_s__rosidl_typesupport_c.cpython-310-x86_64-linux-gnu.so
[3.528s] -- Symlinking: /home/kariya/Git/2023_off_team_b_main/install/drobo_interfaces/share/drobo_interfaces/msg/MdLibMsg.idl
[3.531s] -- Symlinking: /home/kariya/Git/2023_off_team_b_main/install/drobo_interfaces/share/drobo_interfaces/msg/SdLibMsg.idl
[3.534s] -- Symlinking: /home/kariya/Git/2023_off_team_b_main/install/drobo_interfaces/share/drobo_interfaces/srv/SolenoidStateSrv.idl
[3.537s] -- Symlinking: /home/kariya/Git/2023_off_team_b_main/install/drobo_interfaces/share/drobo_interfaces/msg/MdLibMsg.msg
[3.540s] -- Symlinking: /home/kariya/Git/2023_off_team_b_main/install/drobo_interfaces/share/drobo_interfaces/msg/SdLibMsg.msg
[3.543s] -- Symlinking: /home/kariya/Git/2023_off_team_b_main/install/drobo_interfaces/share/drobo_interfaces/srv/SolenoidStateSrv.srv
[3.547s] -- Symlinking: /home/kariya/Git/2023_off_team_b_main/install/drobo_interfaces/share/drobo_interfaces/srv/SolenoidStateSrv_Request.msg
[3.550s] -- Symlinking: /home/kariya/Git/2023_off_team_b_main/install/drobo_interfaces/share/drobo_interfaces/srv/SolenoidStateSrv_Response.msg
[3.555s] -- Symlinking: /home/kariya/Git/2023_off_team_b_main/install/drobo_interfaces/share/ament_index/resource_index/package_run_dependencies/drobo_interfaces
[3.559s] -- Symlinking: /home/kariya/Git/2023_off_team_b_main/install/drobo_interfaces/share/ament_index/resource_index/parent_prefix_path/drobo_interfaces
[3.562s] -- Symlinking: /home/kariya/Git/2023_off_team_b_main/install/drobo_interfaces/share/drobo_interfaces/environment/ament_prefix_path.sh
[3.565s] -- Symlinking: /home/kariya/Git/2023_off_team_b_main/install/drobo_interfaces/share/drobo_interfaces/environment/ament_prefix_path.dsv
[3.568s] -- Symlinking: /home/kariya/Git/2023_off_team_b_main/install/drobo_interfaces/share/drobo_interfaces/environment/path.sh
[3.571s] -- Symlinking: /home/kariya/Git/2023_off_team_b_main/install/drobo_interfaces/share/drobo_interfaces/environment/path.dsv
[3.574s] -- Symlinking: /home/kariya/Git/2023_off_team_b_main/install/drobo_interfaces/share/drobo_interfaces/local_setup.bash
[3.577s] -- Symlinking: /home/kariya/Git/2023_off_team_b_main/install/drobo_interfaces/share/drobo_interfaces/local_setup.sh
[3.580s] -- Symlinking: /home/kariya/Git/2023_off_team_b_main/install/drobo_interfaces/share/drobo_interfaces/local_setup.zsh
[3.583s] -- Symlinking: /home/kariya/Git/2023_off_team_b_main/install/drobo_interfaces/share/drobo_interfaces/local_setup.dsv
[3.587s] -- Symlinking: /home/kariya/Git/2023_off_team_b_main/install/drobo_interfaces/share/drobo_interfaces/package.dsv
[3.590s] -- Symlinking: /home/kariya/Git/2023_off_team_b_main/install/drobo_interfaces/share/ament_index/resource_index/packages/drobo_interfaces
[3.595s] -- Symlinking: /home/kariya/Git/2023_off_team_b_main/install/drobo_interfaces/share/drobo_interfaces/cmake/rosidl_cmake-extras.cmake
[3.599s] -- Symlinking: /home/kariya/Git/2023_off_team_b_main/install/drobo_interfaces/share/drobo_interfaces/cmake/ament_cmake_export_include_directories-extras.cmake
[3.602s] -- Symlinking: /home/kariya/Git/2023_off_team_b_main/install/drobo_interfaces/share/drobo_interfaces/cmake/ament_cmake_export_libraries-extras.cmake
[3.605s] -- Symlinking: /home/kariya/Git/2023_off_team_b_main/install/drobo_interfaces/share/drobo_interfaces/cmake/ament_cmake_export_targets-extras.cmake
[3.609s] -- Symlinking: /home/kariya/Git/2023_off_team_b_main/install/drobo_interfaces/share/drobo_interfaces/cmake/rosidl_cmake_export_typesupport_targets-extras.cmake
[3.612s] -- Symlinking: /home/kariya/Git/2023_off_team_b_main/install/drobo_interfaces/share/drobo_interfaces/cmake/ament_cmake_export_dependencies-extras.cmake
[3.616s] -- Symlinking: /home/kariya/Git/2023_off_team_b_main/install/drobo_interfaces/share/drobo_interfaces/cmake/rosidl_cmake_export_typesupport_libraries-extras.cmake
[3.620s] -- Symlinking: /home/kariya/Git/2023_off_team_b_main/install/drobo_interfaces/share/drobo_interfaces/cmake/drobo_interfacesConfig.cmake
[3.624s] -- Symlinking: /home/kariya/Git/2023_off_team_b_main/install/drobo_interfaces/share/drobo_interfaces/cmake/drobo_interfacesConfig-version.cmake
[3.627s] -- Symlinking: /home/kariya/Git/2023_off_team_b_main/install/drobo_interfaces/share/drobo_interfaces/package.xml
[3.630s] -- Installing: /home/kariya/Git/2023_off_team_b_main/install/drobo_interfaces/lib/libdrobo_interfaces__rosidl_generator_c.so
[3.630s] -- Set runtime path of "/home/kariya/Git/2023_off_team_b_main/install/drobo_interfaces/lib/libdrobo_interfaces__rosidl_generator_c.so" to ""
[3.630s] -- Installing: /home/kariya/Git/2023_off_team_b_main/install/drobo_interfaces/lib/libdrobo_interfaces__rosidl_typesupport_fastrtps_c.so
[3.631s] -- Set runtime path of "/home/kariya/Git/2023_off_team_b_main/install/drobo_interfaces/lib/libdrobo_interfaces__rosidl_typesupport_fastrtps_c.so" to ""
[3.631s] -- Installing: /home/kariya/Git/2023_off_team_b_main/install/drobo_interfaces/lib/libdrobo_interfaces__rosidl_typesupport_introspection_c.so
[3.631s] -- Set runtime path of "/home/kariya/Git/2023_off_team_b_main/install/drobo_interfaces/lib/libdrobo_interfaces__rosidl_typesupport_introspection_c.so" to ""
[3.631s] -- Installing: /home/kariya/Git/2023_off_team_b_main/install/drobo_interfaces/lib/libdrobo_interfaces__rosidl_typesupport_c.so
[3.632s] -- Set runtime path of "/home/kariya/Git/2023_off_team_b_main/install/drobo_interfaces/lib/libdrobo_interfaces__rosidl_typesupport_c.so" to ""
[3.632s] -- Installing: /home/kariya/Git/2023_off_team_b_main/install/drobo_interfaces/lib/libdrobo_interfaces__rosidl_typesupport_fastrtps_cpp.so
[3.632s] -- Set runtime path of "/home/kariya/Git/2023_off_team_b_main/install/drobo_interfaces/lib/libdrobo_interfaces__rosidl_typesupport_fastrtps_cpp.so" to ""
[3.632s] -- Installing: /home/kariya/Git/2023_off_team_b_main/install/drobo_interfaces/lib/libdrobo_interfaces__rosidl_typesupport_introspection_cpp.so
[3.632s] -- Set runtime path of "/home/kariya/Git/2023_off_team_b_main/install/drobo_interfaces/lib/libdrobo_interfaces__rosidl_typesupport_introspection_cpp.so" to ""
[3.632s] -- Installing: /home/kariya/Git/2023_off_team_b_main/install/drobo_interfaces/lib/libdrobo_interfaces__rosidl_typesupport_cpp.so
[3.633s] -- Set runtime path of "/home/kariya/Git/2023_off_team_b_main/install/drobo_interfaces/lib/libdrobo_interfaces__rosidl_typesupport_cpp.so" to ""
[3.659s] Listing '/home/kariya/Git/2023_off_team_b_main/install/drobo_interfaces/local/lib/python3.10/dist-packages/drobo_interfaces'...
[3.659s] Compiling '/home/kariya/Git/2023_off_team_b_main/install/drobo_interfaces/local/lib/python3.10/dist-packages/drobo_interfaces/__init__.py'...
[3.659s] Listing '/home/kariya/Git/2023_off_team_b_main/install/drobo_interfaces/local/lib/python3.10/dist-packages/drobo_interfaces/msg'...
[3.659s] Compiling '/home/kariya/Git/2023_off_team_b_main/install/drobo_interfaces/local/lib/python3.10/dist-packages/drobo_interfaces/msg/__init__.py'...
[3.659s] Compiling '/home/kariya/Git/2023_off_team_b_main/install/drobo_interfaces/local/lib/python3.10/dist-packages/drobo_interfaces/msg/_md_lib_msg.py'...
[3.659s] Compiling '/home/kariya/Git/2023_off_team_b_main/install/drobo_interfaces/local/lib/python3.10/dist-packages/drobo_interfaces/msg/_sd_lib_msg.py'...
[3.659s] Listing '/home/kariya/Git/2023_off_team_b_main/install/drobo_interfaces/local/lib/python3.10/dist-packages/drobo_interfaces/srv'...
[3.659s] Compiling '/home/kariya/Git/2023_off_team_b_main/install/drobo_interfaces/local/lib/python3.10/dist-packages/drobo_interfaces/srv/__init__.py'...
[3.659s] Compiling '/home/kariya/Git/2023_off_team_b_main/install/drobo_interfaces/local/lib/python3.10/dist-packages/drobo_interfaces/srv/_solenoid_state_srv.py'...
[3.662s] -- Installing: /home/kariya/Git/2023_off_team_b_main/install/drobo_interfaces/lib/libdrobo_interfaces__rosidl_generator_py.so
[3.662s] -- Set runtime path of "/home/kariya/Git/2023_off_team_b_main/install/drobo_interfaces/lib/libdrobo_interfaces__rosidl_generator_py.so" to ""
[3.662s] -- Installing: /home/kariya/Git/2023_off_team_b_main/install/drobo_interfaces/share/drobo_interfaces/cmake/export_drobo_interfaces__rosidl_generator_cExport.cmake
[3.663s] -- Installing: /home/kariya/Git/2023_off_team_b_main/install/drobo_interfaces/share/drobo_interfaces/cmake/export_drobo_interfaces__rosidl_generator_cExport-noconfig.cmake
[3.663s] -- Installing: /home/kariya/Git/2023_off_team_b_main/install/drobo_interfaces/share/drobo_interfaces/cmake/export_drobo_interfaces__rosidl_typesupport_fastrtps_cExport.cmake
[3.663s] -- Installing: /home/kariya/Git/2023_off_team_b_main/install/drobo_interfaces/share/drobo_interfaces/cmake/export_drobo_interfaces__rosidl_typesupport_fastrtps_cExport-noconfig.cmake
[3.663s] -- Installing: /home/kariya/Git/2023_off_team_b_main/install/drobo_interfaces/share/drobo_interfaces/cmake/drobo_interfaces__rosidl_typesupport_introspection_cExport.cmake
[3.663s] -- Installing: /home/kariya/Git/2023_off_team_b_main/install/drobo_interfaces/share/drobo_interfaces/cmake/drobo_interfaces__rosidl_typesupport_introspection_cExport-noconfig.cmake
[3.663s] -- Installing: /home/kariya/Git/2023_off_team_b_main/install/drobo_interfaces/share/drobo_interfaces/cmake/drobo_interfaces__rosidl_typesupport_cExport.cmake
[3.663s] -- Installing: /home/kariya/Git/2023_off_team_b_main/install/drobo_interfaces/share/drobo_interfaces/cmake/drobo_interfaces__rosidl_typesupport_cExport-noconfig.cmake
[3.664s] -- Installing: /home/kariya/Git/2023_off_team_b_main/install/drobo_interfaces/share/drobo_interfaces/cmake/export_drobo_interfaces__rosidl_generator_cppExport.cmake
[3.664s] -- Installing: /home/kariya/Git/2023_off_team_b_main/install/drobo_interfaces/share/drobo_interfaces/cmake/export_drobo_interfaces__rosidl_typesupport_fastrtps_cppExport.cmake
[3.664s] -- Installing: /home/kariya/Git/2023_off_team_b_main/install/drobo_interfaces/share/drobo_interfaces/cmake/export_drobo_interfaces__rosidl_typesupport_fastrtps_cppExport-noconfig.cmake
[3.664s] -- Installing: /home/kariya/Git/2023_off_team_b_main/install/drobo_interfaces/share/drobo_interfaces/cmake/drobo_interfaces__rosidl_typesupport_introspection_cppExport.cmake
[3.664s] -- Installing: /home/kariya/Git/2023_off_team_b_main/install/drobo_interfaces/share/drobo_interfaces/cmake/drobo_interfaces__rosidl_typesupport_introspection_cppExport-noconfig.cmake
[3.664s] -- Installing: /home/kariya/Git/2023_off_team_b_main/install/drobo_interfaces/share/drobo_interfaces/cmake/drobo_interfaces__rosidl_typesupport_cppExport.cmake
[3.665s] -- Installing: /home/kariya/Git/2023_off_team_b_main/install/drobo_interfaces/share/drobo_interfaces/cmake/drobo_interfaces__rosidl_typesupport_cppExport-noconfig.cmake
[3.665s] -- Installing: /home/kariya/Git/2023_off_team_b_main/install/drobo_interfaces/share/drobo_interfaces/cmake/export_drobo_interfaces__rosidl_generator_pyExport.cmake
[3.665s] -- Installing: /home/kariya/Git/2023_off_team_b_main/install/drobo_interfaces/share/drobo_interfaces/cmake/export_drobo_interfaces__rosidl_generator_pyExport-noconfig.cmake
[3.666s] Invoked command in '/home/kariya/Git/2023_off_team_b_main/build/drobo_interfaces' returned '0': CMAKE_PREFIX_PATH=${CMAKE_PREFIX_PATH}:/home/kariya/Git/2023_off_team_b_controller/install/swerve_drive_control:/opt/ros/humble /usr/bin/cmake --install /home/kariya/Git/2023_off_team_b_main/build/drobo_interfaces
